[debug] [2021-04-22T18:57:07.384Z] ----------------------------------------------------------------------
[debug] [2021-04-22T18:57:07.385Z] Command:       C:\Program Files\nodejs\node.exe C:\Users\asus\AppData\Roaming\npm\node_modules\firebase-tools\lib\bin\firebase.js init
[debug] [2021-04-22T18:57:07.386Z] CLI Version:   9.10.0
[debug] [2021-04-22T18:57:07.386Z] Platform:      win32
[debug] [2021-04-22T18:57:07.386Z] Node Version:  v14.15.1
[debug] [2021-04-22T18:57:07.387Z] Time:          Fri Apr 23 2021 00:27:07 GMT+0530 (India Standard Time)
[debug] [2021-04-22T18:57:07.387Z] ----------------------------------------------------------------------
[debug] 
[debug] [2021-04-22T18:57:07.393Z] > command requires scopes: ["email","openid","https://www.googleapis.com/auth/cloudplatformprojects.readonly","https://www.googleapis.com/auth/firebase","https://www.googleapis.com/auth/cloud-platform"]
[debug] [2021-04-22T18:57:07.394Z] > authorizing via signed-in user (jagdish.funn@gmail.com)
[info] 
     ######## #### ########  ######## ########     ###     ######  ########
     ##        ##  ##     ## ##       ##     ##  ##   ##  ##       ##
     ######    ##  ########  ######   ########  #########  ######  ######
     ##        ##  ##    ##  ##       ##     ## ##     ##       ## ##
     ##       #### ##     ## ######## ########  ##     ##  ######  ########

You're about to initialize a Firebase project in this directory:

  D:\covid19-tracker

[info] 
=== Project Setup
[info] 
[info] First, let's associate this project directory with a Firebase project.
[info] You can create multiple project aliases by running firebase use --add, 
[info] but for now we'll just set up a default project.
[info] 
[debug] [2021-04-22T18:58:08.749Z] >>> [apiv2][query] GET https://firebase.googleapis.com/v1beta1/projects pageSize=100
[debug] [2021-04-22T18:58:09.469Z] <<< [apiv2][status] GET https://firebase.googleapis.com/v1beta1/projects 200
[debug] [2021-04-22T18:58:09.469Z] <<< [apiv2][body] GET https://firebase.googleapis.com/v1beta1/projects [omitted]
[info] i  Using project coive-19-tracker (Coive-19 Tracker) 
[info] 
=== Hosting Setup
[info] 
[info] Your public directory is the folder (relative to your project directory) that
[info] will contain Hosting assets to be uploaded with firebase deploy. If you
[info] have a build process for your assets, use your build's output directory.
[info] 
[debug] [2021-04-22T18:58:51.246Z] >>> [apiv2][query] GET https://www.gstatic.com/firebasejs/releases.json [none]
[debug] [2021-04-22T18:58:51.335Z] <<< [apiv2][status] GET https://www.gstatic.com/firebasejs/releases.json 200
[debug] [2021-04-22T18:58:51.335Z] <<< [apiv2][body] GET https://www.gstatic.com/firebasejs/releases.json {"current":{"version":"8.4.1","browserURL":"https://www.gstatic.com/firebasejs/8.4.1/firebase.js","packageURL":"https://www.gstatic.com/firebasejs/8.4.1/firebase.tgz"},"live":{"version":"8.4","browserURL":"https://www.gstatic.com/firebasejs/live/8.4/firebase.js","packageURL":"https://www.gstatic.com/firebasejs/live/8.4/firebase.tgz"},"components":{"analytics":"https://www.gstatic.com/firebasejs/8.4.1/firebase-analytics.js","app":"https://www.gstatic.com/firebasejs/8.4.1/firebase-app.js","auth":"https://www.gstatic.com/firebasejs/8.4.1/firebase-auth.js","database":"https://www.gstatic.com/firebasejs/8.4.1/firebase-database.js","firestore":"https://www.gstatic.com/firebasejs/8.4.1/firebase-firestore.js","functions":"https://www.gstatic.com/firebasejs/8.4.1/firebase-functions.js","installations":"https://www.gstatic.com/firebasejs/8.4.1/firebase-installations.js","messaging":"https://www.gstatic.com/firebasejs/8.4.1/firebase-messaging.js","storage":"https://www.gstatic.com/firebasejs/8.4.1/firebase-storage.js","performance":"https://www.gstatic.com/firebasejs/8.4.1/firebase-performance.js","remote-config":"https://www.gstatic.com/firebasejs/8.4.1/firebase-remote-config.js","firestore.memory":"https://www.gstatic.com/firebasejs/8.4.1/firebase-firestore.memory.js"}}
[info] +  Wrote build/index.html 
[info] 
[info] i  Detected a .git folder at D:\covid19-tracker 
[info] i  Authorizing with GitHub to upload your service account to a GitHub repository's secrets store. 
[info] 
[info] Visit this URL on this device to log in:
[info] https://github.com/login/oauth/authorize?client_id=89cf50f02ac6aaed3484&state=125058987&redirect_uri=http%3A%2F%2Flocalhost%3A9005&scope=read%3Auser%20repo%20public_repo
[info] 
[info] Waiting for authentication...
[debug] [2021-04-22T18:59:11.923Z] >>> HTTP REQUEST POST https://github.com/login/oauth/access_token  
 {"client_id":"89cf50f02ac6aaed3484","client_secret":"3330d14abc895d9a74d5f17cd7a00711fa2c5bf0","code":"b4bae85530bd2d6d3dc6","redirect_uri":"http://localhost:9005","state":"125058987"}
[debug] [2021-04-22T18:59:12.294Z] <<< HTTP RESPONSE 200 {"server":"GitHub.com","date":"Thu, 22 Apr 2021 19:02:14 GMT","content-type":"application/json; charset=utf-8","transfer-encoding":"chunked","vary":"X-PJAX, Accept-Encoding, Accept, X-Requested-With","permissions-policy":"interest-cohort=()","etag":"W/\"70e53527394a3c2fda0b1f6b8c3d4fe8\"","cache-control":"max-age=0, private, must-revalidate","strict-transport-security":"max-age=31536000; includeSubdomains; preload","x-frame-options":"deny","x-content-type-options":"nosniff","x-xss-protection":"0","referrer-policy":"origin-when-cross-origin, strict-origin-when-cross-origin","expect-ct":"max-age=2592000, report-uri=\"https://api.github.com/_private/browser/errors\"","content-security-policy":"default-src 'none'; base-uri 'self'; block-all-mixed-content; connect-src 'self' uploads.github.com www.githubstatus.com collector.githubapp.com api.github.com github-cloud.s3.amazonaws.com github-production-repository-file-5c1aeb.s3.amazonaws.com github-production-upload-manifest-file-7fdce7.s3.amazonaws.com github-production-user-asset-6210df.s3.amazonaws.com cdn.optimizely.com logx.optimizely.com/v1/events wss://alive.github.com; font-src github.githubassets.com; form-action 'self' github.com gist.github.com; frame-ancestors 'none'; frame-src render.githubusercontent.com; img-src 'self' data: github.githubassets.com identicons.github.com collector.githubapp.com github-cloud.s3.amazonaws.com secured-user-images.githubusercontent.com/ *.githubusercontent.com; manifest-src 'self'; media-src 'none'; script-src github.githubassets.com; style-src 'unsafe-inline' github.githubassets.com; worker-src github.com/socket-worker-3f088aa2.js gist.github.com/socket-worker-3f088aa2.js","x-github-request-id":"1657:7F4F:2E45C:53C34:6081C836"}
[debug] [2021-04-22T18:59:12.297Z] >>> [apiv2][query] GET https://api.github.com/user [none]
[debug] [2021-04-22T18:59:12.665Z] <<< [apiv2][status] GET https://api.github.com/user 200
[debug] [2021-04-22T18:59:12.665Z] <<< [apiv2][body] GET https://api.github.com/user {"login":"jagdishlove","id":26206528,"node_id":"MDQ6VXNlcjI2MjA2NTI4","avatar_url":"https://avatars.githubusercontent.com/u/26206528?v=4","gravatar_id":"","url":"https://api.github.com/users/jagdishlove","html_url":"https://github.com/jagdishlove","followers_url":"https://api.github.com/users/jagdishlove/followers","following_url":"https://api.github.com/users/jagdishlove/following{/other_user}","gists_url":"https://api.github.com/users/jagdishlove/gists{/gist_id}","starred_url":"https://api.github.com/users/jagdishlove/starred{/owner}{/repo}","subscriptions_url":"https://api.github.com/users/jagdishlove/subscriptions","organizations_url":"https://api.github.com/users/jagdishlove/orgs","repos_url":"https://api.github.com/users/jagdishlove/repos","events_url":"https://api.github.com/users/jagdishlove/events{/privacy}","received_events_url":"https://api.github.com/users/jagdishlove/received_events","type":"User","site_admin":false,"name":null,"company":null,"blog":"","location":null,"email":null,"hireable":null,"bio":null,"twitter_username":null,"public_repos":19,"public_gists":0,"followers":3,"following":9,"created_at":"2017-03-05T19:49:17Z","updated_at":"2021-04-22T19:02:14Z","private_gists":0,"total_private_repos":0,"owned_private_repos":0,"disk_usage":14385,"collaborators":0,"two_factor_authentication":false,"plan":{"name":"free","space":976562499,"collaborators":0,"private_repos":10000}}
[info] 
[info] +  Success! Logged into GitHub as jagdishlove 
[info] 
